2019-08-06 08:06:34,363 INFO org.springframework.boot.StartupInfoLogger [main] Starting SavepostApplicationTests on vasi-note with PID 11949 (started by vasi in /home/vasi/prog/java/savepost)
2019-08-06 08:06:34,365 INFO org.springframework.boot.SpringApplication [main] No active profile set, falling back to default profiles: default
2019-08-06 08:06:37,362 INFO org.springframework.scheduling.concurrent.ExecutorConfigurationSupport [main] Initializing ExecutorService 'applicationTaskExecutor'
2019-08-06 08:06:37,723 INFO org.springframework.boot.StartupInfoLogger [main] Started SavepostApplicationTests in 4.609 seconds (JVM running for 6.077)
2019-08-06 08:06:38,284 INFO org.springframework.scheduling.concurrent.ExecutorConfigurationSupport [Thread-2] Shutting down ExecutorService 'applicationTaskExecutor'
2019-08-06 08:06:57,927 INFO org.springframework.boot.StartupInfoLogger [main] Starting SavepostApplication v0.0.1-SNAPSHOT on vasi-note with PID 12058 (/home/vasi/prog/java/savepost/target/savepost-0.0.1-SNAPSHOT.jar started by vasi in /home/vasi/prog/java/savepost)
2019-08-06 08:06:57,934 INFO org.springframework.boot.SpringApplication [main] No active profile set, falling back to default profiles: default
2019-08-06 08:06:59,501 INFO org.springframework.boot.web.embedded.tomcat.TomcatWebServer [main] Tomcat initialized with port(s): 8080 (http)
2019-08-06 08:06:59,531 INFO org.apache.juli.logging.DirectJDKLog [main] Initializing ProtocolHandler ["http-nio-8080"]
2019-08-06 08:06:59,558 INFO org.apache.juli.logging.DirectJDKLog [main] Starting service [Tomcat]
2019-08-06 08:06:59,558 INFO org.apache.juli.logging.DirectJDKLog [main] Starting Servlet engine: [Apache Tomcat/9.0.21]
2019-08-06 08:06:59,715 INFO org.apache.juli.logging.DirectJDKLog [main] Initializing Spring embedded WebApplicationContext
2019-08-06 08:06:59,716 INFO org.springframework.boot.web.servlet.context.ServletWebServerApplicationContext [main] Root WebApplicationContext: initialization completed in 1716 ms
2019-08-06 08:07:00,052 INFO org.springframework.scheduling.concurrent.ExecutorConfigurationSupport [main] Initializing ExecutorService 'applicationTaskExecutor'
2019-08-06 08:07:00,273 INFO org.apache.juli.logging.DirectJDKLog [main] Starting ProtocolHandler ["http-nio-8080"]
2019-08-06 08:07:00,304 INFO org.springframework.boot.web.embedded.tomcat.TomcatWebServer [main] Tomcat started on port(s): 8080 (http) with context path ''
2019-08-06 08:07:00,308 INFO org.springframework.boot.StartupInfoLogger [main] Started SavepostApplication in 3.092 seconds (JVM running for 3.587)
2019-08-06 08:09:46,696 INFO org.apache.juli.logging.DirectJDKLog [http-nio-8080-exec-1] Initializing Spring DispatcherServlet 'dispatcherServlet'
2019-08-06 08:09:46,697 INFO org.springframework.web.servlet.FrameworkServlet [http-nio-8080-exec-1] Initializing Servlet 'dispatcherServlet'
2019-08-06 08:09:46,707 INFO org.springframework.web.servlet.FrameworkServlet [http-nio-8080-exec-1] Completed initialization in 10 ms
2019-08-06 08:14:00,598 INFO org.springframework.scheduling.concurrent.ExecutorConfigurationSupport [Thread-3] Shutting down ExecutorService 'applicationTaskExecutor'
2019-08-06 08:18:21,923 INFO org.springframework.boot.StartupInfoLogger [main] Starting SavepostApplicationTests on vasi-note with PID 15618 (started by vasi in /home/vasi/prog/java/savepost)
2019-08-06 08:18:21,925 INFO org.springframework.boot.SpringApplication [main] No active profile set, falling back to default profiles: default
2019-08-06 08:18:23,951 INFO org.springframework.scheduling.concurrent.ExecutorConfigurationSupport [main] Initializing ExecutorService 'applicationTaskExecutor'
2019-08-06 08:18:24,374 INFO org.springframework.boot.StartupInfoLogger [main] Started SavepostApplicationTests in 2.795 seconds (JVM running for 3.521)
2019-08-06 08:18:24,550 INFO org.springframework.scheduling.concurrent.ExecutorConfigurationSupport [Thread-2] Shutting down ExecutorService 'applicationTaskExecutor'
2019-08-06 08:20:45,575 INFO org.springframework.boot.StartupInfoLogger [main] Starting SavepostApplicationTests on vasi-note with PID 16475 (started by vasi in /home/vasi/prog/java/savepost)
2019-08-06 08:20:45,579 INFO org.springframework.boot.SpringApplication [main] No active profile set, falling back to default profiles: default
2019-08-06 08:20:47,425 INFO org.springframework.scheduling.concurrent.ExecutorConfigurationSupport [main] Initializing ExecutorService 'applicationTaskExecutor'
2019-08-06 08:20:47,784 INFO org.springframework.boot.StartupInfoLogger [main] Started SavepostApplicationTests in 2.594 seconds (JVM running for 3.398)
2019-08-06 08:20:48,042 INFO org.springframework.scheduling.concurrent.ExecutorConfigurationSupport [Thread-2] Shutting down ExecutorService 'applicationTaskExecutor'
2019-08-06 08:29:20,749 INFO org.springframework.boot.StartupInfoLogger [main] Starting SavepostApplicationTests on vasi-note with PID 19133 (started by vasi in /home/vasi/prog/java/savepost)
2019-08-06 08:29:20,752 INFO org.springframework.boot.SpringApplication [main] No active profile set, falling back to default profiles: default
2019-08-06 08:29:23,158 INFO org.springframework.scheduling.concurrent.ExecutorConfigurationSupport [main] Initializing ExecutorService 'applicationTaskExecutor'
2019-08-06 08:29:23,518 INFO org.springframework.boot.StartupInfoLogger [main] Started SavepostApplicationTests in 3.215 seconds (JVM running for 4.235)
2019-08-06 08:29:23,845 INFO org.springframework.scheduling.concurrent.ExecutorConfigurationSupport [Thread-2] Shutting down ExecutorService 'applicationTaskExecutor'
2019-08-06 08:30:00,636 INFO org.springframework.boot.StartupInfoLogger [main] Starting SavepostApplicationTests on vasi-note with PID 19475 (started by vasi in /home/vasi/prog/java/savepost)
2019-08-06 08:30:00,641 INFO org.springframework.boot.SpringApplication [main] No active profile set, falling back to default profiles: default
2019-08-06 08:30:02,603 INFO org.springframework.scheduling.concurrent.ExecutorConfigurationSupport [main] Initializing ExecutorService 'applicationTaskExecutor'
2019-08-06 08:30:02,983 INFO org.springframework.boot.StartupInfoLogger [main] Started SavepostApplicationTests in 2.745 seconds (JVM running for 3.523)
2019-08-06 08:30:03,195 INFO org.springframework.scheduling.concurrent.ExecutorConfigurationSupport [Thread-2] Shutting down ExecutorService 'applicationTaskExecutor'
2019-08-06 08:39:37,131 INFO org.springframework.boot.StartupInfoLogger [main] Starting SavepostApplicationTests on vasi-note with PID 22227 (started by vasi in /home/vasi/prog/java/savepost)
2019-08-06 08:39:37,135 INFO org.springframework.boot.SpringApplication [main] No active profile set, falling back to default profiles: default
2019-08-06 08:39:39,038 INFO org.springframework.scheduling.concurrent.ExecutorConfigurationSupport [main] Initializing ExecutorService 'applicationTaskExecutor'
2019-08-06 08:39:39,411 INFO org.springframework.boot.StartupInfoLogger [main] Started SavepostApplicationTests in 2.63 seconds (JVM running for 3.387)
2019-08-06 08:39:39,650 INFO org.springframework.scheduling.concurrent.ExecutorConfigurationSupport [Thread-2] Shutting down ExecutorService 'applicationTaskExecutor'
2019-08-06 08:40:20,310 INFO org.springframework.boot.StartupInfoLogger [main] Starting SavepostApplicationTests on vasi-note with PID 22617 (started by vasi in /home/vasi/prog/java/savepost)
2019-08-06 08:40:20,320 INFO org.springframework.boot.SpringApplication [main] No active profile set, falling back to default profiles: default
2019-08-06 08:40:22,203 INFO org.springframework.scheduling.concurrent.ExecutorConfigurationSupport [main] Initializing ExecutorService 'applicationTaskExecutor'
2019-08-06 08:40:22,543 INFO org.springframework.boot.StartupInfoLogger [main] Started SavepostApplicationTests in 2.626 seconds (JVM running for 3.406)
2019-08-06 08:40:22,815 INFO org.springframework.scheduling.concurrent.ExecutorConfigurationSupport [Thread-2] Shutting down ExecutorService 'applicationTaskExecutor'
2019-08-06 08:40:35,761 INFO org.springframework.boot.StartupInfoLogger [main] Starting SavepostApplicationTests on vasi-note with PID 22760 (started by vasi in /home/vasi/prog/java/savepost)
2019-08-06 08:40:35,767 INFO org.springframework.boot.SpringApplication [main] No active profile set, falling back to default profiles: default
2019-08-06 08:40:37,758 INFO org.springframework.scheduling.concurrent.ExecutorConfigurationSupport [main] Initializing ExecutorService 'applicationTaskExecutor'
2019-08-06 08:40:38,096 INFO org.springframework.boot.StartupInfoLogger [main] Started SavepostApplicationTests in 2.74 seconds (JVM running for 3.513)
2019-08-06 08:40:38,460 INFO org.springframework.scheduling.concurrent.ExecutorConfigurationSupport [Thread-2] Shutting down ExecutorService 'applicationTaskExecutor'
2019-08-06 08:45:24,235 INFO org.springframework.boot.StartupInfoLogger [main] Starting SavepostApplicationTests on vasi-note with PID 24368 (started by vasi in /home/vasi/prog/java/savepost)
2019-08-06 08:45:24,238 INFO org.springframework.boot.SpringApplication [main] No active profile set, falling back to default profiles: default
2019-08-06 08:45:26,325 INFO org.springframework.scheduling.concurrent.ExecutorConfigurationSupport [main] Initializing ExecutorService 'applicationTaskExecutor'
2019-08-06 08:45:26,679 INFO org.springframework.boot.StartupInfoLogger [main] Started SavepostApplicationTests in 2.832 seconds (JVM running for 3.724)
2019-08-06 08:45:27,001 INFO org.springframework.scheduling.concurrent.ExecutorConfigurationSupport [Thread-2] Shutting down ExecutorService 'applicationTaskExecutor'
2019-08-06 10:32:19,435 INFO org.springframework.boot.StartupInfoLogger [main] Starting SavepostApplicationTests on DESKTOP-84U9CAJ with PID 9740 (started by vasic in C:\prog\savepost)
2019-08-06 10:32:19,437 INFO org.springframework.boot.SpringApplication [main] No active profile set, falling back to default profiles: default
2019-08-06 10:32:20,271 INFO org.springframework.scheduling.concurrent.ExecutorConfigurationSupport [main] Initializing ExecutorService 'applicationTaskExecutor'
2019-08-06 10:32:20,428 INFO org.springframework.boot.StartupInfoLogger [main] Started SavepostApplicationTests in 1.226 seconds (JVM running for 1.876)
2019-08-06 10:32:20,680 INFO org.springframework.scheduling.concurrent.ExecutorConfigurationSupport [Thread-2] Shutting down ExecutorService 'applicationTaskExecutor'
2019-08-06 10:42:02,116 INFO org.springframework.test.context.support.AbstractTestContextBootstrapper [main] Neither @ContextConfiguration nor @ContextHierarchy found for test class [ru.dfsystems.savepost.SavepostApplicationTests], using SpringBootContextLoader
2019-08-06 10:42:02,120 INFO org.springframework.test.context.support.AbstractContextLoader [main] Could not detect default resource locations for test class [ru.dfsystems.savepost.SavepostApplicationTests]: no resource found for suffixes {-context.xml, Context.groovy}.
2019-08-06 10:42:02,121 INFO org.springframework.test.context.support.AnnotationConfigContextLoaderUtils [main] Could not detect default configuration classes for test class [ru.dfsystems.savepost.SavepostApplicationTests]: SavepostApplicationTests does not declare any static, non-private, non-final, nested classes annotated with @Configuration.
2019-08-06 10:42:02,209 INFO org.springframework.boot.test.context.SpringBootTestContextBootstrapper [main] Found @SpringBootConfiguration ru.dfsystems.savepost.SavepostApplication for test class ru.dfsystems.savepost.SavepostApplicationTests
2019-08-06 10:42:02,270 INFO org.springframework.test.context.support.AbstractTestContextBootstrapper [main] Loaded default TestExecutionListener class names from location [META-INF/spring.factories]: [org.springframework.boot.test.mock.mockito.MockitoTestExecutionListener, org.springframework.boot.test.mock.mockito.ResetMocksTestExecutionListener, org.springframework.boot.test.autoconfigure.restdocs.RestDocsTestExecutionListener, org.springframework.boot.test.autoconfigure.web.client.MockRestServiceServerResetTestExecutionListener, org.springframework.boot.test.autoconfigure.web.servlet.MockMvcPrintOnlyOnFailureTestExecutionListener, org.springframework.boot.test.autoconfigure.web.servlet.WebDriverTestExecutionListener, org.springframework.test.context.web.ServletTestExecutionListener, org.springframework.test.context.support.DirtiesContextBeforeModesTestExecutionListener, org.springframework.test.context.support.DependencyInjectionTestExecutionListener, org.springframework.test.context.support.DirtiesContextTestExecutionListener, org.springframework.test.context.transaction.TransactionalTestExecutionListener, org.springframework.test.context.jdbc.SqlScriptsTestExecutionListener]
2019-08-06 10:42:02,278 INFO org.springframework.test.context.support.AbstractTestContextBootstrapper [main] Using TestExecutionListeners: [org.springframework.test.context.web.ServletTestExecutionListener@2f465398, org.springframework.test.context.support.DirtiesContextBeforeModesTestExecutionListener@548e6d58, org.springframework.boot.test.mock.mockito.MockitoTestExecutionListener@623a8092, org.springframework.boot.test.autoconfigure.SpringBootDependencyInjectionTestExecutionListener@a1cdc6d, org.springframework.test.context.support.DirtiesContextTestExecutionListener@175b9425, org.springframework.boot.test.mock.mockito.ResetMocksTestExecutionListener@3098cf3b, org.springframework.boot.test.autoconfigure.restdocs.RestDocsTestExecutionListener@610f7aa, org.springframework.boot.test.autoconfigure.web.client.MockRestServiceServerResetTestExecutionListener@6a03bcb1, org.springframework.boot.test.autoconfigure.web.servlet.MockMvcPrintOnlyOnFailureTestExecutionListener@21b2e768, org.springframework.boot.test.autoconfigure.web.servlet.WebDriverTestExecutionListener@57250572]
2019-08-06 10:42:02,430 INFO org.springframework.boot.StartupInfoLogger [main] Starting SavepostApplicationTests on DESKTOP-84U9CAJ with PID 12148 (started by vasic in C:\prog\savepost)
2019-08-06 10:42:02,431 INFO org.springframework.boot.SpringApplication [main] No active profile set, falling back to default profiles: default
2019-08-06 10:42:03,179 INFO org.springframework.scheduling.concurrent.ExecutorConfigurationSupport [main] Initializing ExecutorService 'applicationTaskExecutor'
2019-08-06 10:42:03,326 INFO org.springframework.boot.StartupInfoLogger [main] Started SavepostApplicationTests in 1.027 seconds (JVM running for 4.823)
2019-08-06 10:42:03,487 INFO org.springframework.scheduling.concurrent.ExecutorConfigurationSupport [Thread-2] Shutting down ExecutorService 'applicationTaskExecutor'
2019-08-06 10:45:03,949 INFO org.springframework.test.context.support.AbstractTestContextBootstrapper [main] Neither @ContextConfiguration nor @ContextHierarchy found for test class [ru.dfsystems.savepost.SavepostApplicationTests], using SpringBootContextLoader
2019-08-06 10:45:03,953 INFO org.springframework.test.context.support.AbstractContextLoader [main] Could not detect default resource locations for test class [ru.dfsystems.savepost.SavepostApplicationTests]: no resource found for suffixes {-context.xml, Context.groovy}.
2019-08-06 10:45:03,954 INFO org.springframework.test.context.support.AnnotationConfigContextLoaderUtils [main] Could not detect default configuration classes for test class [ru.dfsystems.savepost.SavepostApplicationTests]: SavepostApplicationTests does not declare any static, non-private, non-final, nested classes annotated with @Configuration.
2019-08-06 10:45:04,043 INFO org.springframework.boot.test.context.SpringBootTestContextBootstrapper [main] Found @SpringBootConfiguration ru.dfsystems.savepost.SavepostApplication for test class ru.dfsystems.savepost.SavepostApplicationTests
2019-08-06 10:45:04,108 INFO org.springframework.test.context.support.AbstractTestContextBootstrapper [main] Loaded default TestExecutionListener class names from location [META-INF/spring.factories]: [org.springframework.boot.test.mock.mockito.MockitoTestExecutionListener, org.springframework.boot.test.mock.mockito.ResetMocksTestExecutionListener, org.springframework.boot.test.autoconfigure.restdocs.RestDocsTestExecutionListener, org.springframework.boot.test.autoconfigure.web.client.MockRestServiceServerResetTestExecutionListener, org.springframework.boot.test.autoconfigure.web.servlet.MockMvcPrintOnlyOnFailureTestExecutionListener, org.springframework.boot.test.autoconfigure.web.servlet.WebDriverTestExecutionListener, org.springframework.test.context.web.ServletTestExecutionListener, org.springframework.test.context.support.DirtiesContextBeforeModesTestExecutionListener, org.springframework.test.context.support.DependencyInjectionTestExecutionListener, org.springframework.test.context.support.DirtiesContextTestExecutionListener, org.springframework.test.context.transaction.TransactionalTestExecutionListener, org.springframework.test.context.jdbc.SqlScriptsTestExecutionListener]
2019-08-06 10:45:04,116 INFO org.springframework.test.context.support.AbstractTestContextBootstrapper [main] Using TestExecutionListeners: [org.springframework.test.context.web.ServletTestExecutionListener@2f465398, org.springframework.test.context.support.DirtiesContextBeforeModesTestExecutionListener@548e6d58, org.springframework.boot.test.mock.mockito.MockitoTestExecutionListener@623a8092, org.springframework.boot.test.autoconfigure.SpringBootDependencyInjectionTestExecutionListener@a1cdc6d, org.springframework.test.context.support.DirtiesContextTestExecutionListener@175b9425, org.springframework.boot.test.mock.mockito.ResetMocksTestExecutionListener@3098cf3b, org.springframework.boot.test.autoconfigure.restdocs.RestDocsTestExecutionListener@610f7aa, org.springframework.boot.test.autoconfigure.web.client.MockRestServiceServerResetTestExecutionListener@6a03bcb1, org.springframework.boot.test.autoconfigure.web.servlet.MockMvcPrintOnlyOnFailureTestExecutionListener@21b2e768, org.springframework.boot.test.autoconfigure.web.servlet.WebDriverTestExecutionListener@57250572]
2019-08-06 10:45:04,279 INFO org.springframework.boot.StartupInfoLogger [main] Starting SavepostApplicationTests on DESKTOP-84U9CAJ with PID 6784 (started by vasic in C:\prog\savepost)
2019-08-06 10:45:04,280 INFO org.springframework.boot.SpringApplication [main] No active profile set, falling back to default profiles: default
2019-08-06 10:45:05,042 INFO org.springframework.scheduling.concurrent.ExecutorConfigurationSupport [main] Initializing ExecutorService 'applicationTaskExecutor'
2019-08-06 10:45:05,190 INFO org.springframework.boot.StartupInfoLogger [main] Started SavepostApplicationTests in 1.052 seconds (JVM running for 1.627)
2019-08-06 10:45:05,357 INFO org.springframework.scheduling.concurrent.ExecutorConfigurationSupport [Thread-2] Shutting down ExecutorService 'applicationTaskExecutor'
2019-08-06 10:52:00,680 INFO org.springframework.test.context.support.AbstractTestContextBootstrapper [main] Neither @ContextConfiguration nor @ContextHierarchy found for test class [ru.dfsystems.savepost.SavepostApplicationTests], using SpringBootContextLoader
2019-08-06 10:52:00,683 INFO org.springframework.test.context.support.AbstractContextLoader [main] Could not detect default resource locations for test class [ru.dfsystems.savepost.SavepostApplicationTests]: no resource found for suffixes {-context.xml, Context.groovy}.
2019-08-06 10:52:00,684 INFO org.springframework.test.context.support.AnnotationConfigContextLoaderUtils [main] Could not detect default configuration classes for test class [ru.dfsystems.savepost.SavepostApplicationTests]: SavepostApplicationTests does not declare any static, non-private, non-final, nested classes annotated with @Configuration.
2019-08-06 10:52:00,764 INFO org.springframework.boot.test.context.SpringBootTestContextBootstrapper [main] Found @SpringBootConfiguration ru.dfsystems.savepost.SavepostApplication for test class ru.dfsystems.savepost.SavepostApplicationTests
2019-08-06 10:52:00,826 INFO org.springframework.test.context.support.AbstractTestContextBootstrapper [main] Loaded default TestExecutionListener class names from location [META-INF/spring.factories]: [org.springframework.boot.test.mock.mockito.MockitoTestExecutionListener, org.springframework.boot.test.mock.mockito.ResetMocksTestExecutionListener, org.springframework.boot.test.autoconfigure.restdocs.RestDocsTestExecutionListener, org.springframework.boot.test.autoconfigure.web.client.MockRestServiceServerResetTestExecutionListener, org.springframework.boot.test.autoconfigure.web.servlet.MockMvcPrintOnlyOnFailureTestExecutionListener, org.springframework.boot.test.autoconfigure.web.servlet.WebDriverTestExecutionListener, org.springframework.test.context.web.ServletTestExecutionListener, org.springframework.test.context.support.DirtiesContextBeforeModesTestExecutionListener, org.springframework.test.context.support.DependencyInjectionTestExecutionListener, org.springframework.test.context.support.DirtiesContextTestExecutionListener, org.springframework.test.context.transaction.TransactionalTestExecutionListener, org.springframework.test.context.jdbc.SqlScriptsTestExecutionListener]
2019-08-06 10:52:00,833 INFO org.springframework.test.context.support.AbstractTestContextBootstrapper [main] Using TestExecutionListeners: [org.springframework.test.context.web.ServletTestExecutionListener@2f465398, org.springframework.test.context.support.DirtiesContextBeforeModesTestExecutionListener@548e6d58, org.springframework.boot.test.mock.mockito.MockitoTestExecutionListener@623a8092, org.springframework.boot.test.autoconfigure.SpringBootDependencyInjectionTestExecutionListener@a1cdc6d, org.springframework.test.context.support.DirtiesContextTestExecutionListener@175b9425, org.springframework.boot.test.mock.mockito.ResetMocksTestExecutionListener@3098cf3b, org.springframework.boot.test.autoconfigure.restdocs.RestDocsTestExecutionListener@610f7aa, org.springframework.boot.test.autoconfigure.web.client.MockRestServiceServerResetTestExecutionListener@6a03bcb1, org.springframework.boot.test.autoconfigure.web.servlet.MockMvcPrintOnlyOnFailureTestExecutionListener@21b2e768, org.springframework.boot.test.autoconfigure.web.servlet.WebDriverTestExecutionListener@57250572]
2019-08-06 10:52:00,994 INFO org.springframework.boot.StartupInfoLogger [main] Starting SavepostApplicationTests on DESKTOP-84U9CAJ with PID 6348 (started by vasic in C:\prog\savepost)
2019-08-06 10:52:00,994 DEBUG org.springframework.boot.StartupInfoLogger [main] Running with Spring Boot v2.1.6.RELEASE, Spring v5.1.8.RELEASE
2019-08-06 10:52:00,994 INFO org.springframework.boot.SpringApplication [main] No active profile set, falling back to default profiles: default
2019-08-06 10:52:01,775 INFO org.springframework.scheduling.concurrent.ExecutorConfigurationSupport [main] Initializing ExecutorService 'applicationTaskExecutor'
2019-08-06 10:52:01,940 INFO org.springframework.boot.StartupInfoLogger [main] Started SavepostApplicationTests in 1.084 seconds (JVM running for 1.644)
2019-08-06 10:52:02,116 INFO org.springframework.scheduling.concurrent.ExecutorConfigurationSupport [Thread-2] Shutting down ExecutorService 'applicationTaskExecutor'
